  main.cpp
c:\users\s170895\documents\programs\hello world\hello world\main.cpp(183): warning C4244: 'initializing': conversion from 'float' to 'int', possible loss of data
c:\users\s170895\documents\programs\hello world\hello world\main.cpp(202): warning C4101: 'chanceToHitAgian': unreferenced local variable
c:\users\s170895\documents\programs\hello world\hello world\main.cpp(579): warning C4996: '_beep': This function or variable has been superceded by newer library or operating system functionality. Consider using Beep instead. See online help for details.
  c:\program files (x86)\windows kits\10\include\10.0.10240.0\ucrt\stdlib.h(1260): note: see declaration of '_beep'
c:\users\s170895\documents\programs\hello world\hello world\main.cpp(580): warning C4996: '_beep': This function or variable has been superceded by newer library or operating system functionality. Consider using Beep instead. See online help for details.
  c:\program files (x86)\windows kits\10\include\10.0.10240.0\ucrt\stdlib.h(1260): note: see declaration of '_beep'
c:\users\s170895\documents\programs\hello world\hello world\main.cpp(581): warning C4996: '_beep': This function or variable has been superceded by newer library or operating system functionality. Consider using Beep instead. See online help for details.
  c:\program files (x86)\windows kits\10\include\10.0.10240.0\ucrt\stdlib.h(1260): note: see declaration of '_beep'
c:\users\s170895\documents\programs\hello world\hello world\main.cpp(582): warning C4996: '_beep': This function or variable has been superceded by newer library or operating system functionality. Consider using Beep instead. See online help for details.
  c:\program files (x86)\windows kits\10\include\10.0.10240.0\ucrt\stdlib.h(1260): note: see declaration of '_beep'
c:\users\s170895\documents\programs\hello world\hello world\main.cpp(583): warning C4996: '_beep': This function or variable has been superceded by newer library or operating system functionality. Consider using Beep instead. See online help for details.
  c:\program files (x86)\windows kits\10\include\10.0.10240.0\ucrt\stdlib.h(1260): note: see declaration of '_beep'
c:\users\s170895\documents\programs\hello world\hello world\main.cpp(584): warning C4996: '_beep': This function or variable has been superceded by newer library or operating system functionality. Consider using Beep instead. See online help for details.
  c:\program files (x86)\windows kits\10\include\10.0.10240.0\ucrt\stdlib.h(1260): note: see declaration of '_beep'
c:\users\s170895\documents\programs\hello world\hello world\main.cpp(585): warning C4996: '_beep': This function or variable has been superceded by newer library or operating system functionality. Consider using Beep instead. See online help for details.
  c:\program files (x86)\windows kits\10\include\10.0.10240.0\ucrt\stdlib.h(1260): note: see declaration of '_beep'
c:\users\s170895\documents\programs\hello world\hello world\main.cpp(586): warning C4996: '_beep': This function or variable has been superceded by newer library or operating system functionality. Consider using Beep instead. See online help for details.
  c:\program files (x86)\windows kits\10\include\10.0.10240.0\ucrt\stdlib.h(1260): note: see declaration of '_beep'
c:\users\s170895\documents\programs\hello world\hello world\main.cpp(587): warning C4996: '_beep': This function or variable has been superceded by newer library or operating system functionality. Consider using Beep instead. See online help for details.
  c:\program files (x86)\windows kits\10\include\10.0.10240.0\ucrt\stdlib.h(1260): note: see declaration of '_beep'
c:\users\s170895\documents\programs\hello world\hello world\main.cpp(588): warning C4996: '_beep': This function or variable has been superceded by newer library or operating system functionality. Consider using Beep instead. See online help for details.
  c:\program files (x86)\windows kits\10\include\10.0.10240.0\ucrt\stdlib.h(1260): note: see declaration of '_beep'
c:\users\s170895\documents\programs\hello world\hello world\main.cpp(589): warning C4996: '_beep': This function or variable has been superceded by newer library or operating system functionality. Consider using Beep instead. See online help for details.
  c:\program files (x86)\windows kits\10\include\10.0.10240.0\ucrt\stdlib.h(1260): note: see declaration of '_beep'
c:\users\s170895\documents\programs\hello world\hello world\main.cpp(590): warning C4996: '_beep': This function or variable has been superceded by newer library or operating system functionality. Consider using Beep instead. See online help for details.
  c:\program files (x86)\windows kits\10\include\10.0.10240.0\ucrt\stdlib.h(1260): note: see declaration of '_beep'
c:\users\s170895\documents\programs\hello world\hello world\main.cpp(591): warning C4996: '_beep': This function or variable has been superceded by newer library or operating system functionality. Consider using Beep instead. See online help for details.
  c:\program files (x86)\windows kits\10\include\10.0.10240.0\ucrt\stdlib.h(1260): note: see declaration of '_beep'
c:\users\s170895\documents\programs\hello world\hello world\main.cpp(592): warning C4996: '_beep': This function or variable has been superceded by newer library or operating system functionality. Consider using Beep instead. See online help for details.
  c:\program files (x86)\windows kits\10\include\10.0.10240.0\ucrt\stdlib.h(1260): note: see declaration of '_beep'
c:\users\s170895\documents\programs\hello world\hello world\main.cpp(593): warning C4996: '_beep': This function or variable has been superceded by newer library or operating system functionality. Consider using Beep instead. See online help for details.
  c:\program files (x86)\windows kits\10\include\10.0.10240.0\ucrt\stdlib.h(1260): note: see declaration of '_beep'
c:\users\s170895\documents\programs\hello world\hello world\main.cpp(594): warning C4996: '_beep': This function or variable has been superceded by newer library or operating system functionality. Consider using Beep instead. See online help for details.
  c:\program files (x86)\windows kits\10\include\10.0.10240.0\ucrt\stdlib.h(1260): note: see declaration of '_beep'
c:\users\s170895\documents\programs\hello world\hello world\main.cpp(595): warning C4996: '_beep': This function or variable has been superceded by newer library or operating system functionality. Consider using Beep instead. See online help for details.
  c:\program files (x86)\windows kits\10\include\10.0.10240.0\ucrt\stdlib.h(1260): note: see declaration of '_beep'
c:\users\s170895\documents\programs\hello world\hello world\main.cpp(596): warning C4996: '_beep': This function or variable has been superceded by newer library or operating system functionality. Consider using Beep instead. See online help for details.
  c:\program files (x86)\windows kits\10\include\10.0.10240.0\ucrt\stdlib.h(1260): note: see declaration of '_beep'
c:\users\s170895\documents\programs\hello world\hello world\main.cpp(597): warning C4996: '_beep': This function or variable has been superceded by newer library or operating system functionality. Consider using Beep instead. See online help for details.
  c:\program files (x86)\windows kits\10\include\10.0.10240.0\ucrt\stdlib.h(1260): note: see declaration of '_beep'
c:\users\s170895\documents\programs\hello world\hello world\main.cpp(598): warning C4996: '_beep': This function or variable has been superceded by newer library or operating system functionality. Consider using Beep instead. See online help for details.
  c:\program files (x86)\windows kits\10\include\10.0.10240.0\ucrt\stdlib.h(1260): note: see declaration of '_beep'
c:\users\s170895\documents\programs\hello world\hello world\main.cpp(599): warning C4996: '_beep': This function or variable has been superceded by newer library or operating system functionality. Consider using Beep instead. See online help for details.
  c:\program files (x86)\windows kits\10\include\10.0.10240.0\ucrt\stdlib.h(1260): note: see declaration of '_beep'
c:\users\s170895\documents\programs\hello world\hello world\main.cpp(600): warning C4996: '_beep': This function or variable has been superceded by newer library or operating system functionality. Consider using Beep instead. See online help for details.
  c:\program files (x86)\windows kits\10\include\10.0.10240.0\ucrt\stdlib.h(1260): note: see declaration of '_beep'
c:\users\s170895\documents\programs\hello world\hello world\main.cpp(601): warning C4996: '_beep': This function or variable has been superceded by newer library or operating system functionality. Consider using Beep instead. See online help for details.
  c:\program files (x86)\windows kits\10\include\10.0.10240.0\ucrt\stdlib.h(1260): note: see declaration of '_beep'
c:\users\s170895\documents\programs\hello world\hello world\main.cpp(602): warning C4996: '_beep': This function or variable has been superceded by newer library or operating system functionality. Consider using Beep instead. See online help for details.
  c:\program files (x86)\windows kits\10\include\10.0.10240.0\ucrt\stdlib.h(1260): note: see declaration of '_beep'
c:\users\s170895\documents\programs\hello world\hello world\main.cpp(603): warning C4996: '_beep': This function or variable has been superceded by newer library or operating system functionality. Consider using Beep instead. See online help for details.
  c:\program files (x86)\windows kits\10\include\10.0.10240.0\ucrt\stdlib.h(1260): note: see declaration of '_beep'
c:\users\s170895\documents\programs\hello world\hello world\main.cpp(604): warning C4996: '_beep': This function or variable has been superceded by newer library or operating system functionality. Consider using Beep instead. See online help for details.
  c:\program files (x86)\windows kits\10\include\10.0.10240.0\ucrt\stdlib.h(1260): note: see declaration of '_beep'
c:\users\s170895\documents\programs\hello world\hello world\main.cpp(605): warning C4996: '_beep': This function or variable has been superceded by newer library or operating system functionality. Consider using Beep instead. See online help for details.
  c:\program files (x86)\windows kits\10\include\10.0.10240.0\ucrt\stdlib.h(1260): note: see declaration of '_beep'
c:\users\s170895\documents\programs\hello world\hello world\main.cpp(606): warning C4996: '_beep': This function or variable has been superceded by newer library or operating system functionality. Consider using Beep instead. See online help for details.
  c:\program files (x86)\windows kits\10\include\10.0.10240.0\ucrt\stdlib.h(1260): note: see declaration of '_beep'
c:\users\s170895\documents\programs\hello world\hello world\main.cpp(607): warning C4996: '_beep': This function or variable has been superceded by newer library or operating system functionality. Consider using Beep instead. See online help for details.
  c:\program files (x86)\windows kits\10\include\10.0.10240.0\ucrt\stdlib.h(1260): note: see declaration of '_beep'
c:\users\s170895\documents\programs\hello world\hello world\main.cpp(608): warning C4996: '_beep': This function or variable has been superceded by newer library or operating system functionality. Consider using Beep instead. See online help for details.
  c:\program files (x86)\windows kits\10\include\10.0.10240.0\ucrt\stdlib.h(1260): note: see declaration of '_beep'
c:\users\s170895\documents\programs\hello world\hello world\main.cpp(609): warning C4996: '_beep': This function or variable has been superceded by newer library or operating system functionality. Consider using Beep instead. See online help for details.
  c:\program files (x86)\windows kits\10\include\10.0.10240.0\ucrt\stdlib.h(1260): note: see declaration of '_beep'
c:\users\s170895\documents\programs\hello world\hello world\main.cpp(610): warning C4996: '_beep': This function or variable has been superceded by newer library or operating system functionality. Consider using Beep instead. See online help for details.
  c:\program files (x86)\windows kits\10\include\10.0.10240.0\ucrt\stdlib.h(1260): note: see declaration of '_beep'
c:\users\s170895\documents\programs\hello world\hello world\main.cpp(611): warning C4996: '_beep': This function or variable has been superceded by newer library or operating system functionality. Consider using Beep instead. See online help for details.
  c:\program files (x86)\windows kits\10\include\10.0.10240.0\ucrt\stdlib.h(1260): note: see declaration of '_beep'
c:\users\s170895\documents\programs\hello world\hello world\main.cpp(612): warning C4996: '_beep': This function or variable has been superceded by newer library or operating system functionality. Consider using Beep instead. See online help for details.
  c:\program files (x86)\windows kits\10\include\10.0.10240.0\ucrt\stdlib.h(1260): note: see declaration of '_beep'
c:\users\s170895\documents\programs\hello world\hello world\main.cpp(613): warning C4996: '_beep': This function or variable has been superceded by newer library or operating system functionality. Consider using Beep instead. See online help for details.
  c:\program files (x86)\windows kits\10\include\10.0.10240.0\ucrt\stdlib.h(1260): note: see declaration of '_beep'
c:\users\s170895\documents\programs\hello world\hello world\main.cpp(614): warning C4996: '_beep': This function or variable has been superceded by newer library or operating system functionality. Consider using Beep instead. See online help for details.
  c:\program files (x86)\windows kits\10\include\10.0.10240.0\ucrt\stdlib.h(1260): note: see declaration of '_beep'
c:\users\s170895\documents\programs\hello world\hello world\main.cpp(615): warning C4996: '_beep': This function or variable has been superceded by newer library or operating system functionality. Consider using Beep instead. See online help for details.
  c:\program files (x86)\windows kits\10\include\10.0.10240.0\ucrt\stdlib.h(1260): note: see declaration of '_beep'
c:\users\s170895\documents\programs\hello world\hello world\main.cpp(616): warning C4996: '_beep': This function or variable has been superceded by newer library or operating system functionality. Consider using Beep instead. See online help for details.
  c:\program files (x86)\windows kits\10\include\10.0.10240.0\ucrt\stdlib.h(1260): note: see declaration of '_beep'
c:\users\s170895\documents\programs\hello world\hello world\main.cpp(617): warning C4996: '_beep': This function or variable has been superceded by newer library or operating system functionality. Consider using Beep instead. See online help for details.
  c:\program files (x86)\windows kits\10\include\10.0.10240.0\ucrt\stdlib.h(1260): note: see declaration of '_beep'
c:\users\s170895\documents\programs\hello world\hello world\main.cpp(618): warning C4996: '_beep': This function or variable has been superceded by newer library or operating system functionality. Consider using Beep instead. See online help for details.
  c:\program files (x86)\windows kits\10\include\10.0.10240.0\ucrt\stdlib.h(1260): note: see declaration of '_beep'
c:\users\s170895\documents\programs\hello world\hello world\main.cpp(619): warning C4996: '_beep': This function or variable has been superceded by newer library or operating system functionality. Consider using Beep instead. See online help for details.
  c:\program files (x86)\windows kits\10\include\10.0.10240.0\ucrt\stdlib.h(1260): note: see declaration of '_beep'
c:\users\s170895\documents\programs\hello world\hello world\main.cpp(620): warning C4996: '_beep': This function or variable has been superceded by newer library or operating system functionality. Consider using Beep instead. See online help for details.
  c:\program files (x86)\windows kits\10\include\10.0.10240.0\ucrt\stdlib.h(1260): note: see declaration of '_beep'
c:\users\s170895\documents\programs\hello world\hello world\main.cpp(621): warning C4996: '_beep': This function or variable has been superceded by newer library or operating system functionality. Consider using Beep instead. See online help for details.
  c:\program files (x86)\windows kits\10\include\10.0.10240.0\ucrt\stdlib.h(1260): note: see declaration of '_beep'
c:\users\s170895\documents\programs\hello world\hello world\main.cpp(622): warning C4996: '_beep': This function or variable has been superceded by newer library or operating system functionality. Consider using Beep instead. See online help for details.
  c:\program files (x86)\windows kits\10\include\10.0.10240.0\ucrt\stdlib.h(1260): note: see declaration of '_beep'
c:\users\s170895\documents\programs\hello world\hello world\main.cpp(623): warning C4996: '_beep': This function or variable has been superceded by newer library or operating system functionality. Consider using Beep instead. See online help for details.
  c:\program files (x86)\windows kits\10\include\10.0.10240.0\ucrt\stdlib.h(1260): note: see declaration of '_beep'
c:\users\s170895\documents\programs\hello world\hello world\main.cpp(624): warning C4996: '_beep': This function or variable has been superceded by newer library or operating system functionality. Consider using Beep instead. See online help for details.
  c:\program files (x86)\windows kits\10\include\10.0.10240.0\ucrt\stdlib.h(1260): note: see declaration of '_beep'
c:\users\s170895\documents\programs\hello world\hello world\main.cpp(625): warning C4996: '_beep': This function or variable has been superceded by newer library or operating system functionality. Consider using Beep instead. See online help for details.
  c:\program files (x86)\windows kits\10\include\10.0.10240.0\ucrt\stdlib.h(1260): note: see declaration of '_beep'
c:\users\s170895\documents\programs\hello world\hello world\main.cpp(626): warning C4996: '_beep': This function or variable has been superceded by newer library or operating system functionality. Consider using Beep instead. See online help for details.
  c:\program files (x86)\windows kits\10\include\10.0.10240.0\ucrt\stdlib.h(1260): note: see declaration of '_beep'
c:\users\s170895\documents\programs\hello world\hello world\main.cpp(627): warning C4996: '_beep': This function or variable has been superceded by newer library or operating system functionality. Consider using Beep instead. See online help for details.
  c:\program files (x86)\windows kits\10\include\10.0.10240.0\ucrt\stdlib.h(1260): note: see declaration of '_beep'
c:\users\s170895\documents\programs\hello world\hello world\main.cpp(628): warning C4996: '_beep': This function or variable has been superceded by newer library or operating system functionality. Consider using Beep instead. See online help for details.
  c:\program files (x86)\windows kits\10\include\10.0.10240.0\ucrt\stdlib.h(1260): note: see declaration of '_beep'
c:\users\s170895\documents\programs\hello world\hello world\main.cpp(629): warning C4996: '_beep': This function or variable has been superceded by newer library or operating system functionality. Consider using Beep instead. See online help for details.
  c:\program files (x86)\windows kits\10\include\10.0.10240.0\ucrt\stdlib.h(1260): note: see declaration of '_beep'
c:\users\s170895\documents\programs\hello world\hello world\main.cpp(630): warning C4996: '_beep': This function or variable has been superceded by newer library or operating system functionality. Consider using Beep instead. See online help for details.
  c:\program files (x86)\windows kits\10\include\10.0.10240.0\ucrt\stdlib.h(1260): note: see declaration of '_beep'
c:\users\s170895\documents\programs\hello world\hello world\main.cpp(631): warning C4996: '_beep': This function or variable has been superceded by newer library or operating system functionality. Consider using Beep instead. See online help for details.
  c:\program files (x86)\windows kits\10\include\10.0.10240.0\ucrt\stdlib.h(1260): note: see declaration of '_beep'
c:\users\s170895\documents\programs\hello world\hello world\main.cpp(632): warning C4996: '_beep': This function or variable has been superceded by newer library or operating system functionality. Consider using Beep instead. See online help for details.
  c:\program files (x86)\windows kits\10\include\10.0.10240.0\ucrt\stdlib.h(1260): note: see declaration of '_beep'
c:\users\s170895\documents\programs\hello world\hello world\main.cpp(633): warning C4996: '_beep': This function or variable has been superceded by newer library or operating system functionality. Consider using Beep instead. See online help for details.
  c:\program files (x86)\windows kits\10\include\10.0.10240.0\ucrt\stdlib.h(1260): note: see declaration of '_beep'
c:\users\s170895\documents\programs\hello world\hello world\main.cpp(634): warning C4996: '_beep': This function or variable has been superceded by newer library or operating system functionality. Consider using Beep instead. See online help for details.
  c:\program files (x86)\windows kits\10\include\10.0.10240.0\ucrt\stdlib.h(1260): note: see declaration of '_beep'
c:\users\s170895\documents\programs\hello world\hello world\main.cpp(635): warning C4996: '_beep': This function or variable has been superceded by newer library or operating system functionality. Consider using Beep instead. See online help for details.
  c:\program files (x86)\windows kits\10\include\10.0.10240.0\ucrt\stdlib.h(1260): note: see declaration of '_beep'
c:\users\s170895\documents\programs\hello world\hello world\main.cpp(636): warning C4996: '_beep': This function or variable has been superceded by newer library or operating system functionality. Consider using Beep instead. See online help for details.
  c:\program files (x86)\windows kits\10\include\10.0.10240.0\ucrt\stdlib.h(1260): note: see declaration of '_beep'
c:\users\s170895\documents\programs\hello world\hello world\main.cpp(637): warning C4996: '_beep': This function or variable has been superceded by newer library or operating system functionality. Consider using Beep instead. See online help for details.
  c:\program files (x86)\windows kits\10\include\10.0.10240.0\ucrt\stdlib.h(1260): note: see declaration of '_beep'
c:\users\s170895\documents\programs\hello world\hello world\main.cpp(638): warning C4996: '_beep': This function or variable has been superceded by newer library or operating system functionality. Consider using Beep instead. See online help for details.
  c:\program files (x86)\windows kits\10\include\10.0.10240.0\ucrt\stdlib.h(1260): note: see declaration of '_beep'
c:\users\s170895\documents\programs\hello world\hello world\main.cpp(639): warning C4996: '_beep': This function or variable has been superceded by newer library or operating system functionality. Consider using Beep instead. See online help for details.
  c:\program files (x86)\windows kits\10\include\10.0.10240.0\ucrt\stdlib.h(1260): note: see declaration of '_beep'
c:\users\s170895\documents\programs\hello world\hello world\main.cpp(640): warning C4996: '_beep': This function or variable has been superceded by newer library or operating system functionality. Consider using Beep instead. See online help for details.
  c:\program files (x86)\windows kits\10\include\10.0.10240.0\ucrt\stdlib.h(1260): note: see declaration of '_beep'
c:\users\s170895\documents\programs\hello world\hello world\main.cpp(641): warning C4996: '_beep': This function or variable has been superceded by newer library or operating system functionality. Consider using Beep instead. See online help for details.
  c:\program files (x86)\windows kits\10\include\10.0.10240.0\ucrt\stdlib.h(1260): note: see declaration of '_beep'
c:\users\s170895\documents\programs\hello world\hello world\main.cpp(642): warning C4996: '_beep': This function or variable has been superceded by newer library or operating system functionality. Consider using Beep instead. See online help for details.
  c:\program files (x86)\windows kits\10\include\10.0.10240.0\ucrt\stdlib.h(1260): note: see declaration of '_beep'
c:\users\s170895\documents\programs\hello world\hello world\main.cpp(643): warning C4996: '_beep': This function or variable has been superceded by newer library or operating system functionality. Consider using Beep instead. See online help for details.
  c:\program files (x86)\windows kits\10\include\10.0.10240.0\ucrt\stdlib.h(1260): note: see declaration of '_beep'
c:\users\s170895\documents\programs\hello world\hello world\main.cpp(644): warning C4996: '_beep': This function or variable has been superceded by newer library or operating system functionality. Consider using Beep instead. See online help for details.
  c:\program files (x86)\windows kits\10\include\10.0.10240.0\ucrt\stdlib.h(1260): note: see declaration of '_beep'
c:\users\s170895\documents\programs\hello world\hello world\main.cpp(645): warning C4996: '_beep': This function or variable has been superceded by newer library or operating system functionality. Consider using Beep instead. See online help for details.
  c:\program files (x86)\windows kits\10\include\10.0.10240.0\ucrt\stdlib.h(1260): note: see declaration of '_beep'
c:\users\s170895\documents\programs\hello world\hello world\main.cpp(646): warning C4996: '_beep': This function or variable has been superceded by newer library or operating system functionality. Consider using Beep instead. See online help for details.
  c:\program files (x86)\windows kits\10\include\10.0.10240.0\ucrt\stdlib.h(1260): note: see declaration of '_beep'
c:\users\s170895\documents\programs\hello world\hello world\main.cpp(647): warning C4996: '_beep': This function or variable has been superceded by newer library or operating system functionality. Consider using Beep instead. See online help for details.
  c:\program files (x86)\windows kits\10\include\10.0.10240.0\ucrt\stdlib.h(1260): note: see declaration of '_beep'
c:\users\s170895\documents\programs\hello world\hello world\main.cpp(648): warning C4996: '_beep': This function or variable has been superceded by newer library or operating system functionality. Consider using Beep instead. See online help for details.
  c:\program files (x86)\windows kits\10\include\10.0.10240.0\ucrt\stdlib.h(1260): note: see declaration of '_beep'
c:\users\s170895\documents\programs\hello world\hello world\main.cpp(649): warning C4996: '_beep': This function or variable has been superceded by newer library or operating system functionality. Consider using Beep instead. See online help for details.
  c:\program files (x86)\windows kits\10\include\10.0.10240.0\ucrt\stdlib.h(1260): note: see declaration of '_beep'
c:\users\s170895\documents\programs\hello world\hello world\main.cpp(650): warning C4996: '_beep': This function or variable has been superceded by newer library or operating system functionality. Consider using Beep instead. See online help for details.
  c:\program files (x86)\windows kits\10\include\10.0.10240.0\ucrt\stdlib.h(1260): note: see declaration of '_beep'
c:\users\s170895\documents\programs\hello world\hello world\main.cpp(651): warning C4996: '_beep': This function or variable has been superceded by newer library or operating system functionality. Consider using Beep instead. See online help for details.
  c:\program files (x86)\windows kits\10\include\10.0.10240.0\ucrt\stdlib.h(1260): note: see declaration of '_beep'
c:\users\s170895\documents\programs\hello world\hello world\main.cpp(652): warning C4996: '_beep': This function or variable has been superceded by newer library or operating system functionality. Consider using Beep instead. See online help for details.
  c:\program files (x86)\windows kits\10\include\10.0.10240.0\ucrt\stdlib.h(1260): note: see declaration of '_beep'
c:\users\s170895\documents\programs\hello world\hello world\main.cpp(653): warning C4996: '_beep': This function or variable has been superceded by newer library or operating system functionality. Consider using Beep instead. See online help for details.
  c:\program files (x86)\windows kits\10\include\10.0.10240.0\ucrt\stdlib.h(1260): note: see declaration of '_beep'
c:\users\s170895\documents\programs\hello world\hello world\main.cpp(654): warning C4996: '_beep': This function or variable has been superceded by newer library or operating system functionality. Consider using Beep instead. See online help for details.
  c:\program files (x86)\windows kits\10\include\10.0.10240.0\ucrt\stdlib.h(1260): note: see declaration of '_beep'
c:\users\s170895\documents\programs\hello world\hello world\main.cpp(655): warning C4996: '_beep': This function or variable has been superceded by newer library or operating system functionality. Consider using Beep instead. See online help for details.
  c:\program files (x86)\windows kits\10\include\10.0.10240.0\ucrt\stdlib.h(1260): note: see declaration of '_beep'
c:\users\s170895\documents\programs\hello world\hello world\main.cpp(656): warning C4996: '_beep': This function or variable has been superceded by newer library or operating system functionality. Consider using Beep instead. See online help for details.
  c:\program files (x86)\windows kits\10\include\10.0.10240.0\ucrt\stdlib.h(1260): note: see declaration of '_beep'
c:\users\s170895\documents\programs\hello world\hello world\main.cpp(657): warning C4996: '_beep': This function or variable has been superceded by newer library or operating system functionality. Consider using Beep instead. See online help for details.
  c:\program files (x86)\windows kits\10\include\10.0.10240.0\ucrt\stdlib.h(1260): note: see declaration of '_beep'
c:\users\s170895\documents\programs\hello world\hello world\main.cpp(658): warning C4996: '_beep': This function or variable has been superceded by newer library or operating system functionality. Consider using Beep instead. See online help for details.
  c:\program files (x86)\windows kits\10\include\10.0.10240.0\ucrt\stdlib.h(1260): note: see declaration of '_beep'
c:\users\s170895\documents\programs\hello world\hello world\main.cpp(659): warning C4996: '_beep': This function or variable has been superceded by newer library or operating system functionality. Consider using Beep instead. See online help for details.
  c:\program files (x86)\windows kits\10\include\10.0.10240.0\ucrt\stdlib.h(1260): note: see declaration of '_beep'
c:\users\s170895\documents\programs\hello world\hello world\main.cpp(660): warning C4996: '_beep': This function or variable has been superceded by newer library or operating system functionality. Consider using Beep instead. See online help for details.
  c:\program files (x86)\windows kits\10\include\10.0.10240.0\ucrt\stdlib.h(1260): note: see declaration of '_beep'
c:\users\s170895\documents\programs\hello world\hello world\main.cpp(661): warning C4996: '_beep': This function or variable has been superceded by newer library or operating system functionality. Consider using Beep instead. See online help for details.
  c:\program files (x86)\windows kits\10\include\10.0.10240.0\ucrt\stdlib.h(1260): note: see declaration of '_beep'
c:\users\s170895\documents\programs\hello world\hello world\main.cpp(662): warning C4996: '_beep': This function or variable has been superceded by newer library or operating system functionality. Consider using Beep instead. See online help for details.
  c:\program files (x86)\windows kits\10\include\10.0.10240.0\ucrt\stdlib.h(1260): note: see declaration of '_beep'
c:\users\s170895\documents\programs\hello world\hello world\main.cpp(663): warning C4996: '_beep': This function or variable has been superceded by newer library or operating system functionality. Consider using Beep instead. See online help for details.
  c:\program files (x86)\windows kits\10\include\10.0.10240.0\ucrt\stdlib.h(1260): note: see declaration of '_beep'
c:\users\s170895\documents\programs\hello world\hello world\main.cpp(664): warning C4996: '_beep': This function or variable has been superceded by newer library or operating system functionality. Consider using Beep instead. See online help for details.
  c:\program files (x86)\windows kits\10\include\10.0.10240.0\ucrt\stdlib.h(1260): note: see declaration of '_beep'
c:\users\s170895\documents\programs\hello world\hello world\main.cpp(665): warning C4996: '_beep': This function or variable has been superceded by newer library or operating system functionality. Consider using Beep instead. See online help for details.
  c:\program files (x86)\windows kits\10\include\10.0.10240.0\ucrt\stdlib.h(1260): note: see declaration of '_beep'
c:\users\s170895\documents\programs\hello world\hello world\main.cpp(666): warning C4996: '_beep': This function or variable has been superceded by newer library or operating system functionality. Consider using Beep instead. See online help for details.
  c:\program files (x86)\windows kits\10\include\10.0.10240.0\ucrt\stdlib.h(1260): note: see declaration of '_beep'
c:\users\s170895\documents\programs\hello world\hello world\main.cpp(667): warning C4996: '_beep': This function or variable has been superceded by newer library or operating system functionality. Consider using Beep instead. See online help for details.
  c:\program files (x86)\windows kits\10\include\10.0.10240.0\ucrt\stdlib.h(1260): note: see declaration of '_beep'
c:\users\s170895\documents\programs\hello world\hello world\main.cpp(668): warning C4996: '_beep': This function or variable has been superceded by newer library or operating system functionality. Consider using Beep instead. See online help for details.
  c:\program files (x86)\windows kits\10\include\10.0.10240.0\ucrt\stdlib.h(1260): note: see declaration of '_beep'
c:\users\s170895\documents\programs\hello world\hello world\main.cpp(669): warning C4996: '_beep': This function or variable has been superceded by newer library or operating system functionality. Consider using Beep instead. See online help for details.
  c:\program files (x86)\windows kits\10\include\10.0.10240.0\ucrt\stdlib.h(1260): note: see declaration of '_beep'
c:\users\s170895\documents\programs\hello world\hello world\main.cpp(670): warning C4996: '_beep': This function or variable has been superceded by newer library or operating system functionality. Consider using Beep instead. See online help for details.
  c:\program files (x86)\windows kits\10\include\10.0.10240.0\ucrt\stdlib.h(1260): note: see declaration of '_beep'
c:\users\s170895\documents\programs\hello world\hello world\main.cpp(671): warning C4996: '_beep': This function or variable has been superceded by newer library or operating system functionality. Consider using Beep instead. See online help for details.
  c:\program files (x86)\windows kits\10\include\10.0.10240.0\ucrt\stdlib.h(1260): note: see declaration of '_beep'
c:\users\s170895\documents\programs\hello world\hello world\main.cpp(672): warning C4996: '_beep': This function or variable has been superceded by newer library or operating system functionality. Consider using Beep instead. See online help for details.
  c:\program files (x86)\windows kits\10\include\10.0.10240.0\ucrt\stdlib.h(1260): note: see declaration of '_beep'
c:\users\s170895\documents\programs\hello world\hello world\main.cpp(673): warning C4996: '_beep': This function or variable has been superceded by newer library or operating system functionality. Consider using Beep instead. See online help for details.
  c:\program files (x86)\windows kits\10\include\10.0.10240.0\ucrt\stdlib.h(1260): note: see declaration of '_beep'
c:\users\s170895\documents\programs\hello world\hello world\main.cpp(674): warning C4996: '_beep': This function or variable has been superceded by newer library or operating system functionality. Consider using Beep instead. See online help for details.
  c:\program files (x86)\windows kits\10\include\10.0.10240.0\ucrt\stdlib.h(1260): note: see declaration of '_beep'
c:\users\s170895\documents\programs\hello world\hello world\main.cpp(675): warning C4996: '_beep': This function or variable has been superceded by newer library or operating system functionality. Consider using Beep instead. See online help for details.
  c:\program files (x86)\windows kits\10\include\10.0.10240.0\ucrt\stdlib.h(1260): note: see declaration of '_beep'
c:\users\s170895\documents\programs\hello world\hello world\main.cpp(676): warning C4996: '_beep': This function or variable has been superceded by newer library or operating system functionality. Consider using Beep instead. See online help for details.
  c:\program files (x86)\windows kits\10\include\10.0.10240.0\ucrt\stdlib.h(1260): note: see declaration of '_beep'
c:\users\s170895\documents\programs\hello world\hello world\main.cpp(677): warning C4996: '_beep': This function or variable has been superceded by newer library or operating system functionality. Consider using Beep instead. See online help for details.
  c:\program files (x86)\windows kits\10\include\10.0.10240.0\ucrt\stdlib.h(1260): note: see declaration of '_beep'
c:\users\s170895\documents\programs\hello world\hello world\main.cpp(678): warning C4996: '_beep': This function or variable has been superceded by newer library or operating system functionality. Consider using Beep instead. See online help for details.
  c:\program files (x86)\windows kits\10\include\10.0.10240.0\ucrt\stdlib.h(1260): note: see declaration of '_beep'
c:\users\s170895\documents\programs\hello world\hello world\main.cpp(680): warning C4996: '_beep': This function or variable has been superceded by newer library or operating system functionality. Consider using Beep instead. See online help for details.
  c:\program files (x86)\windows kits\10\include\10.0.10240.0\ucrt\stdlib.h(1260): note: see declaration of '_beep'
c:\users\s170895\documents\programs\hello world\hello world\main.cpp(681): warning C4996: '_beep': This function or variable has been superceded by newer library or operating system functionality. Consider using Beep instead. See online help for details.
  c:\program files (x86)\windows kits\10\include\10.0.10240.0\ucrt\stdlib.h(1260): note: see declaration of '_beep'
c:\users\s170895\documents\programs\hello world\hello world\main.cpp(682): warning C4996: '_beep': This function or variable has been superceded by newer library or operating system functionality. Consider using Beep instead. See online help for details.
  c:\program files (x86)\windows kits\10\include\10.0.10240.0\ucrt\stdlib.h(1260): note: see declaration of '_beep'
c:\users\s170895\documents\programs\hello world\hello world\main.cpp(683): warning C4996: '_beep': This function or variable has been superceded by newer library or operating system functionality. Consider using Beep instead. See online help for details.
  c:\program files (x86)\windows kits\10\include\10.0.10240.0\ucrt\stdlib.h(1260): note: see declaration of '_beep'
c:\users\s170895\documents\programs\hello world\hello world\main.cpp(684): warning C4996: '_beep': This function or variable has been superceded by newer library or operating system functionality. Consider using Beep instead. See online help for details.
  c:\program files (x86)\windows kits\10\include\10.0.10240.0\ucrt\stdlib.h(1260): note: see declaration of '_beep'
c:\users\s170895\documents\programs\hello world\hello world\main.cpp(685): warning C4996: '_beep': This function or variable has been superceded by newer library or operating system functionality. Consider using Beep instead. See online help for details.
  c:\program files (x86)\windows kits\10\include\10.0.10240.0\ucrt\stdlib.h(1260): note: see declaration of '_beep'
c:\users\s170895\documents\programs\hello world\hello world\main.cpp(686): warning C4996: '_beep': This function or variable has been superceded by newer library or operating system functionality. Consider using Beep instead. See online help for details.
  c:\program files (x86)\windows kits\10\include\10.0.10240.0\ucrt\stdlib.h(1260): note: see declaration of '_beep'
c:\users\s170895\documents\programs\hello world\hello world\main.cpp(687): warning C4996: '_beep': This function or variable has been superceded by newer library or operating system functionality. Consider using Beep instead. See online help for details.
  c:\program files (x86)\windows kits\10\include\10.0.10240.0\ucrt\stdlib.h(1260): note: see declaration of '_beep'
c:\users\s170895\documents\programs\hello world\hello world\main.cpp(688): warning C4996: '_beep': This function or variable has been superceded by newer library or operating system functionality. Consider using Beep instead. See online help for details.
  c:\program files (x86)\windows kits\10\include\10.0.10240.0\ucrt\stdlib.h(1260): note: see declaration of '_beep'
c:\users\s170895\documents\programs\hello world\hello world\main.cpp(689): warning C4996: '_beep': This function or variable has been superceded by newer library or operating system functionality. Consider using Beep instead. See online help for details.
  c:\program files (x86)\windows kits\10\include\10.0.10240.0\ucrt\stdlib.h(1260): note: see declaration of '_beep'
c:\users\s170895\documents\programs\hello world\hello world\main.cpp(690): warning C4996: '_beep': This function or variable has been superceded by newer library or operating system functionality. Consider using Beep instead. See online help for details.
  c:\program files (x86)\windows kits\10\include\10.0.10240.0\ucrt\stdlib.h(1260): note: see declaration of '_beep'
c:\users\s170895\documents\programs\hello world\hello world\main.cpp(691): warning C4996: '_beep': This function or variable has been superceded by newer library or operating system functionality. Consider using Beep instead. See online help for details.
  c:\program files (x86)\windows kits\10\include\10.0.10240.0\ucrt\stdlib.h(1260): note: see declaration of '_beep'
c:\users\s170895\documents\programs\hello world\hello world\main.cpp(692): warning C4996: '_beep': This function or variable has been superceded by newer library or operating system functionality. Consider using Beep instead. See online help for details.
  c:\program files (x86)\windows kits\10\include\10.0.10240.0\ucrt\stdlib.h(1260): note: see declaration of '_beep'
c:\users\s170895\documents\programs\hello world\hello world\main.cpp(693): warning C4996: '_beep': This function or variable has been superceded by newer library or operating system functionality. Consider using Beep instead. See online help for details.
  c:\program files (x86)\windows kits\10\include\10.0.10240.0\ucrt\stdlib.h(1260): note: see declaration of '_beep'
c:\users\s170895\documents\programs\hello world\hello world\main.cpp(694): warning C4996: '_beep': This function or variable has been superceded by newer library or operating system functionality. Consider using Beep instead. See online help for details.
  c:\program files (x86)\windows kits\10\include\10.0.10240.0\ucrt\stdlib.h(1260): note: see declaration of '_beep'
c:\users\s170895\documents\programs\hello world\hello world\main.cpp(695): warning C4996: '_beep': This function or variable has been superceded by newer library or operating system functionality. Consider using Beep instead. See online help for details.
  c:\program files (x86)\windows kits\10\include\10.0.10240.0\ucrt\stdlib.h(1260): note: see declaration of '_beep'
c:\users\s170895\documents\programs\hello world\hello world\main.cpp(696): warning C4996: '_beep': This function or variable has been superceded by newer library or operating system functionality. Consider using Beep instead. See online help for details.
  c:\program files (x86)\windows kits\10\include\10.0.10240.0\ucrt\stdlib.h(1260): note: see declaration of '_beep'
c:\users\s170895\documents\programs\hello world\hello world\main.cpp(697): warning C4996: '_beep': This function or variable has been superceded by newer library or operating system functionality. Consider using Beep instead. See online help for details.
  c:\program files (x86)\windows kits\10\include\10.0.10240.0\ucrt\stdlib.h(1260): note: see declaration of '_beep'
c:\users\s170895\documents\programs\hello world\hello world\main.cpp(698): warning C4996: '_beep': This function or variable has been superceded by newer library or operating system functionality. Consider using Beep instead. See online help for details.
  c:\program files (x86)\windows kits\10\include\10.0.10240.0\ucrt\stdlib.h(1260): note: see declaration of '_beep'
c:\users\s170895\documents\programs\hello world\hello world\main.cpp(699): warning C4996: '_beep': This function or variable has been superceded by newer library or operating system functionality. Consider using Beep instead. See online help for details.
  c:\program files (x86)\windows kits\10\include\10.0.10240.0\ucrt\stdlib.h(1260): note: see declaration of '_beep'
c:\users\s170895\documents\programs\hello world\hello world\main.cpp(700): warning C4996: '_beep': This function or variable has been superceded by newer library or operating system functionality. Consider using Beep instead. See online help for details.
  c:\program files (x86)\windows kits\10\include\10.0.10240.0\ucrt\stdlib.h(1260): note: see declaration of '_beep'
c:\users\s170895\documents\programs\hello world\hello world\main.cpp(701): warning C4996: '_beep': This function or variable has been superceded by newer library or operating system functionality. Consider using Beep instead. See online help for details.
  c:\program files (x86)\windows kits\10\include\10.0.10240.0\ucrt\stdlib.h(1260): note: see declaration of '_beep'
c:\users\s170895\documents\programs\hello world\hello world\main.cpp(702): warning C4996: '_beep': This function or variable has been superceded by newer library or operating system functionality. Consider using Beep instead. See online help for details.
  c:\program files (x86)\windows kits\10\include\10.0.10240.0\ucrt\stdlib.h(1260): note: see declaration of '_beep'
c:\users\s170895\documents\programs\hello world\hello world\main.cpp(703): warning C4996: '_beep': This function or variable has been superceded by newer library or operating system functionality. Consider using Beep instead. See online help for details.
  c:\program files (x86)\windows kits\10\include\10.0.10240.0\ucrt\stdlib.h(1260): note: see declaration of '_beep'
c:\users\s170895\documents\programs\hello world\hello world\main.cpp(704): warning C4996: '_beep': This function or variable has been superceded by newer library or operating system functionality. Consider using Beep instead. See online help for details.
  c:\program files (x86)\windows kits\10\include\10.0.10240.0\ucrt\stdlib.h(1260): note: see declaration of '_beep'
c:\users\s170895\documents\programs\hello world\hello world\main.cpp(705): warning C4996: '_beep': This function or variable has been superceded by newer library or operating system functionality. Consider using Beep instead. See online help for details.
  c:\program files (x86)\windows kits\10\include\10.0.10240.0\ucrt\stdlib.h(1260): note: see declaration of '_beep'
c:\users\s170895\documents\programs\hello world\hello world\main.cpp(706): warning C4996: '_beep': This function or variable has been superceded by newer library or operating system functionality. Consider using Beep instead. See online help for details.
  c:\program files (x86)\windows kits\10\include\10.0.10240.0\ucrt\stdlib.h(1260): note: see declaration of '_beep'
c:\users\s170895\documents\programs\hello world\hello world\main.cpp(707): warning C4996: '_beep': This function or variable has been superceded by newer library or operating system functionality. Consider using Beep instead. See online help for details.
  c:\program files (x86)\windows kits\10\include\10.0.10240.0\ucrt\stdlib.h(1260): note: see declaration of '_beep'
c:\users\s170895\documents\programs\hello world\hello world\main.cpp(708): warning C4996: '_beep': This function or variable has been superceded by newer library or operating system functionality. Consider using Beep instead. See online help for details.
  c:\program files (x86)\windows kits\10\include\10.0.10240.0\ucrt\stdlib.h(1260): note: see declaration of '_beep'
c:\users\s170895\documents\programs\hello world\hello world\main.cpp(709): warning C4996: '_beep': This function or variable has been superceded by newer library or operating system functionality. Consider using Beep instead. See online help for details.
  c:\program files (x86)\windows kits\10\include\10.0.10240.0\ucrt\stdlib.h(1260): note: see declaration of '_beep'
c:\users\s170895\documents\programs\hello world\hello world\main.cpp(710): warning C4996: '_beep': This function or variable has been superceded by newer library or operating system functionality. Consider using Beep instead. See online help for details.
  c:\program files (x86)\windows kits\10\include\10.0.10240.0\ucrt\stdlib.h(1260): note: see declaration of '_beep'
c:\users\s170895\documents\programs\hello world\hello world\main.cpp(711): warning C4996: '_beep': This function or variable has been superceded by newer library or operating system functionality. Consider using Beep instead. See online help for details.
  c:\program files (x86)\windows kits\10\include\10.0.10240.0\ucrt\stdlib.h(1260): note: see declaration of '_beep'
c:\users\s170895\documents\programs\hello world\hello world\main.cpp(712): warning C4996: '_beep': This function or variable has been superceded by newer library or operating system functionality. Consider using Beep instead. See online help for details.
  c:\program files (x86)\windows kits\10\include\10.0.10240.0\ucrt\stdlib.h(1260): note: see declaration of '_beep'
c:\users\s170895\documents\programs\hello world\hello world\main.cpp(713): warning C4996: '_beep': This function or variable has been superceded by newer library or operating system functionality. Consider using Beep instead. See online help for details.
  c:\program files (x86)\windows kits\10\include\10.0.10240.0\ucrt\stdlib.h(1260): note: see declaration of '_beep'
c:\users\s170895\documents\programs\hello world\hello world\main.cpp(985): warning C4244: 'argument': conversion from 'time_t' to 'unsigned int', possible loss of data
  Hello world.vcxproj -> C:\Users\s170895\Documents\Programs\Hello world\Debug\Hello world.exe
